<?xml version="1.0" encoding="UTF-8"?>
<!-- Generated by org.testng.reporters.JUnitReportReporter -->
<testsuite skipped="0" hostname="buddhikavindra" name="Test.TestForms" tests="1" failures="0" timestamp="2020-08-14T17:47:04 IST" time="7.944" errors="0">
  <testcase name="fillForm" time="7.944" classname="Test.TestForms"/>
  <system-out/>
</testsuite> <!-- Test.TestForms -->
