<?xml version="1.0" encoding="UTF-8"?>
<!-- Generated by org.testng.reporters.JUnitReportReporter -->
<testsuite skipped="0" hostname="buddhikavindra" name="Test.TechbitesLogin" tests="2" failures="0" timestamp="2020-08-14T22:16:30 IST" time="12.681" errors="0">
  <testcase name="Login" time="12.311" classname="Test.TechbitesLogin"/>
  <system-out/>
  <testcase name="tearDown" time="0.370" classname="Test.TechbitesLogin"/>
  <system-out/>
</testsuite> <!-- Test.TechbitesLogin -->
