<?xml version="1.0" encoding="UTF-8"?>
<!-- Generated by org.testng.reporters.JUnitReportReporter -->
<testsuite skipped="0" hostname="buddhikavindra" name="Test.SampleProject" tests="1" failures="0" timestamp="2020-08-12T00:27:13 IST" time="19.640" errors="0">
  <testcase name="OpenChromeDriver" time="19.640" classname="Test.SampleProject"/>
  <system-out/>
</testsuite> <!-- Test.SampleProject -->
